patch-generator-android/build/intermediates/manifest_merge_blame_file/debug/processDebugManifest/manifest-merger-blame-debug-report.txt
1<?xml version="1.0" encoding="utf-8"?>
2<manifest xmlns:android="http://schemas.android.com/apk/res/android"
3    package="com.orange.patchgen.android" >
4
5    <uses-sdk android:minSdkVersion="21" />
6
7    <!-- Required permissions for patch generation -->
8    <uses-permission
8-->src\main\AndroidManifest.xml:5:5-6:38
9        android:name="android.permission.READ_EXTERNAL_STORAGE"
9-->src\main\AndroidManifest.xml:5:22-77
10        android:maxSdkVersion="32" />
10-->src\main\AndroidManifest.xml:6:9-35
11    <uses-permission
11-->src\main\AndroidManifest.xml:7:5-8:38
12        android:name="android.permission.WRITE_EXTERNAL_STORAGE"
12-->src\main\AndroidManifest.xml:7:22-78
13        android:maxSdkVersion="29" />
13-->src\main\AndroidManifest.xml:8:9-35
14
15</manifest>